  main.cpp
c:\users\31405\documents\visual studio 2015\projects\consoleapplication21\consoleapplication21\main.cpp(12): warning C4305: “参数”: 从“double”到“GLfloat”截断
c:\users\31405\documents\visual studio 2015\projects\consoleapplication21\consoleapplication21\main.cpp(13): warning C4305: “参数”: 从“double”到“GLfloat”截断
c:\users\31405\documents\visual studio 2015\projects\consoleapplication21\consoleapplication21\main.cpp(14): warning C4305: “参数”: 从“double”到“GLfloat”截断
c:\users\31405\documents\visual studio 2015\projects\consoleapplication21\consoleapplication21\main.cpp(15): warning C4305: “参数”: 从“double”到“GLfloat”截断
c:\users\31405\documents\visual studio 2015\projects\consoleapplication21\consoleapplication21\main.cpp(18): warning C4305: “参数”: 从“double”到“GLfloat”截断
c:\users\31405\documents\visual studio 2015\projects\consoleapplication21\consoleapplication21\main.cpp(19): warning C4305: “参数”: 从“double”到“GLfloat”截断
c:\users\31405\documents\visual studio 2015\projects\consoleapplication21\consoleapplication21\main.cpp(20): warning C4305: “参数”: 从“double”到“GLfloat”截断
c:\users\31405\documents\visual studio 2015\projects\consoleapplication21\consoleapplication21\main.cpp(21): warning C4305: “参数”: 从“double”到“GLfloat”截断
c:\users\31405\documents\visual studio 2015\projects\consoleapplication21\consoleapplication21\main.cpp(24): warning C4305: “参数”: 从“double”到“GLfloat”截断
c:\users\31405\documents\visual studio 2015\projects\consoleapplication21\consoleapplication21\main.cpp(25): warning C4305: “参数”: 从“double”到“GLfloat”截断
c:\users\31405\documents\visual studio 2015\projects\consoleapplication21\consoleapplication21\main.cpp(26): warning C4305: “参数”: 从“double”到“GLfloat”截断
c:\users\31405\documents\visual studio 2015\projects\consoleapplication21\consoleapplication21\main.cpp(27): warning C4305: “参数”: 从“double”到“GLfloat”截断
c:\users\31405\documents\visual studio 2015\projects\consoleapplication21\consoleapplication21\main.cpp(30): warning C4305: “参数”: 从“double”到“GLfloat”截断
c:\users\31405\documents\visual studio 2015\projects\consoleapplication21\consoleapplication21\main.cpp(31): warning C4305: “参数”: 从“double”到“GLfloat”截断
c:\users\31405\documents\visual studio 2015\projects\consoleapplication21\consoleapplication21\main.cpp(32): warning C4305: “参数”: 从“double”到“GLfloat”截断
c:\users\31405\documents\visual studio 2015\projects\consoleapplication21\consoleapplication21\main.cpp(33): warning C4305: “参数”: 从“double”到“GLfloat”截断
c:\users\31405\documents\visual studio 2015\projects\consoleapplication21\consoleapplication21\main.cpp(36): warning C4305: “参数”: 从“double”到“GLfloat”截断
c:\users\31405\documents\visual studio 2015\projects\consoleapplication21\consoleapplication21\main.cpp(37): warning C4305: “参数”: 从“double”到“GLfloat”截断
c:\users\31405\documents\visual studio 2015\projects\consoleapplication21\consoleapplication21\main.cpp(38): warning C4305: “参数”: 从“double”到“GLfloat”截断
c:\users\31405\documents\visual studio 2015\projects\consoleapplication21\consoleapplication21\main.cpp(39): warning C4305: “参数”: 从“double”到“GLfloat”截断
c:\users\31405\documents\visual studio 2015\projects\consoleapplication21\consoleapplication21\main.cpp(42): warning C4305: “参数”: 从“double”到“GLfloat”截断
c:\users\31405\documents\visual studio 2015\projects\consoleapplication21\consoleapplication21\main.cpp(43): warning C4305: “参数”: 从“double”到“GLfloat”截断
c:\users\31405\documents\visual studio 2015\projects\consoleapplication21\consoleapplication21\main.cpp(44): warning C4305: “参数”: 从“double”到“GLfloat”截断
c:\users\31405\documents\visual studio 2015\projects\consoleapplication21\consoleapplication21\main.cpp(45): warning C4305: “参数”: 从“double”到“GLfloat”截断
c:\users\31405\documents\visual studio 2015\projects\consoleapplication21\consoleapplication21\main.cpp(54): warning C4305: “参数”: 从“double”到“GLfloat”截断
c:\users\31405\documents\visual studio 2015\projects\consoleapplication21\consoleapplication21\main.cpp(55): warning C4305: “参数”: 从“double”到“GLfloat”截断
c:\users\31405\documents\visual studio 2015\projects\consoleapplication21\consoleapplication21\main.cpp(56): warning C4305: “参数”: 从“double”到“GLfloat”截断
c:\users\31405\documents\visual studio 2015\projects\consoleapplication21\consoleapplication21\main.cpp(57): warning C4305: “参数”: 从“double”到“GLfloat”截断
c:\users\31405\documents\visual studio 2015\projects\consoleapplication21\consoleapplication21\main.cpp(63): warning C4305: “=”: 从“double”到“GLfloat”截断
c:\users\31405\documents\visual studio 2015\projects\consoleapplication21\consoleapplication21\main.cpp(72): warning C4244: “-=”: 从“double”转换到“GLfloat”，可能丢失数据
c:\users\31405\documents\visual studio 2015\projects\consoleapplication21\consoleapplication21\main.cpp(73): warning C4244: “-=”: 从“double”转换到“GLfloat”，可能丢失数据
c:\users\31405\documents\visual studio 2015\projects\consoleapplication21\consoleapplication21\main.cpp(77): warning C4244: “+=”: 从“double”转换到“GLfloat”，可能丢失数据
c:\users\31405\documents\visual studio 2015\projects\consoleapplication21\consoleapplication21\main.cpp(78): warning C4244: “+=”: 从“double”转换到“GLfloat”，可能丢失数据
c:\users\31405\documents\visual studio 2015\projects\consoleapplication21\consoleapplication21\main.cpp(82): warning C4244: “-=”: 从“double”转换到“GLfloat”，可能丢失数据
c:\users\31405\documents\visual studio 2015\projects\consoleapplication21\consoleapplication21\main.cpp(83): warning C4244: “+=”: 从“double”转换到“GLfloat”，可能丢失数据
c:\users\31405\documents\visual studio 2015\projects\consoleapplication21\consoleapplication21\main.cpp(86): warning C4244: “+=”: 从“double”转换到“GLfloat”，可能丢失数据
c:\users\31405\documents\visual studio 2015\projects\consoleapplication21\consoleapplication21\main.cpp(87): warning C4244: “-=”: 从“double”转换到“GLfloat”，可能丢失数据
c:\users\31405\documents\visual studio 2015\projects\consoleapplication21\consoleapplication21\main.cpp(91): warning C4244: “+=”: 从“double”转换到“GLfloat”，可能丢失数据
c:\users\31405\documents\visual studio 2015\projects\consoleapplication21\consoleapplication21\main.cpp(92): warning C4244: “+=”: 从“double”转换到“GLfloat”，可能丢失数据
c:\users\31405\documents\visual studio 2015\projects\consoleapplication21\consoleapplication21\main.cpp(101): warning C4244: “=”: 从“double”转换到“GLfloat”，可能丢失数据
c:\users\31405\documents\visual studio 2015\projects\consoleapplication21\consoleapplication21\main.cpp(102): warning C4244: “=”: 从“double”转换到“GLfloat”，可能丢失数据
c:\users\31405\documents\visual studio 2015\projects\consoleapplication21\consoleapplication21\main.cpp(103): warning C4244: “=”: 从“double”转换到“GLfloat”，可能丢失数据
c:\users\31405\documents\visual studio 2015\projects\consoleapplication21\consoleapplication21\main.cpp(150): warning C4244: “初始化”: 从“double”转换到“GLfloat”，可能丢失数据
c:\users\31405\documents\visual studio 2015\projects\consoleapplication21\consoleapplication21\main.cpp(151): warning C4244: “初始化”: 从“double”转换到“GLfloat”，可能丢失数据
c:\users\31405\documents\visual studio 2015\projects\consoleapplication21\consoleapplication21\main.cpp(240): warning C4244: “初始化”: 从“double”转换到“float”，可能丢失数据
c:\users\31405\documents\visual studio 2015\projects\consoleapplication21\consoleapplication21\main.cpp(241): warning C4244: “初始化”: 从“double”转换到“float”，可能丢失数据
c:\users\31405\documents\visual studio 2015\projects\consoleapplication21\consoleapplication21\main.cpp(277): warning C4305: “参数”: 从“double”到“const GLfloat”截断
c:\users\31405\documents\visual studio 2015\projects\consoleapplication21\consoleapplication21\main.cpp(279): warning C4305: “参数”: 从“double”到“const GLfloat”截断
c:\users\31405\documents\visual studio 2015\projects\consoleapplication21\consoleapplication21\main.cpp(281): warning C4305: “参数”: 从“double”到“const GLfloat”截断
c:\users\31405\documents\visual studio 2015\projects\consoleapplication21\consoleapplication21\main.cpp(283): warning C4305: “参数”: 从“double”到“const GLfloat”截断
c:\users\31405\documents\visual studio 2015\projects\consoleapplication21\consoleapplication21\main.cpp(272): warning C4101: “xpos”: 未引用的局部变量
c:\users\31405\documents\visual studio 2015\projects\consoleapplication21\consoleapplication21\main.cpp(272): warning C4101: “ypos”: 未引用的局部变量
  ConsoleApplication21.vcxproj -> C:\Users\31405\Documents\Visual Studio 2015\Projects\ConsoleApplication21\Debug\ConsoleApplication21.exe
  ConsoleApplication21.vcxproj -> C:\Users\31405\Documents\Visual Studio 2015\Projects\ConsoleApplication21\Debug\ConsoleApplication21.pdb (Full PDB)
